{"/Users/msmart/rise-mobile-example/src/components/ContractInteraction.tsx": {"path":"/Users/msmart/rise-mobile-example/src/components/ContractInteraction.tsx","statementMap":{"0":{"start":{"line":28,"column":48},"end":{"line":28,"column":94}},"1":{"start":{"line":29,"column":34},"end":{"line":29,"column":80}},"2":{"start":{"line":30,"column":36},"end":{"line":33,"column":4}},"3":{"start":{"line":31,"column":4},"end":{"line":32,"column":81}},"4":{"start":{"line":34,"column":50},"end":{"line":34,"column":69}},"5":{"start":{"line":35,"column":46},"end":{"line":35,"column":82}},"6":{"start":{"line":36,"column":36},"end":{"line":36,"column":51}},"7":{"start":{"line":37,"column":52},"end":{"line":37,"column":72}},"8":{"start":{"line":39,"column":19},"end":{"line":51,"column":3}},"9":{"start":{"line":40,"column":4},"end":{"line":50,"column":5}},"10":{"start":{"line":41,"column":18},"end":{"line":41,"column":38}},"11":{"start":{"line":42,"column":29},"end":{"line":45,"column":7}},"12":{"start":{"line":43,"column":8},"end":{"line":44,"column":85}},"13":{"start":{"line":46,"column":6},"end":{"line":46,"column":35}},"14":{"start":{"line":47,"column":6},"end":{"line":47,"column":80}},"15":{"start":{"line":49,"column":6},"end":{"line":49,"column":47}},"16":{"start":{"line":53,"column":25},"end":{"line":60,"column":3}},"17":{"start":{"line":54,"column":4},"end":{"line":54,"column":30}},"18":{"start":{"line":55,"column":43},"end":{"line":55,"column":45}},"19":{"start":{"line":56,"column":4},"end":{"line":58,"column":7}},"20":{"start":{"line":57,"column":6},"end":{"line":57,"column":30}},"21":{"start":{"line":59,"column":4},"end":{"line":59,"column":30}},"22":{"start":{"line":62,"column":26},"end":{"line":120,"column":3}},"23":{"start":{"line":63,"column":4},"end":{"line":66,"column":5}},"24":{"start":{"line":64,"column":6},"end":{"line":64,"column":74}},"25":{"start":{"line":65,"column":6},"end":{"line":65,"column":13}},"26":{"start":{"line":68,"column":4},"end":{"line":68,"column":23}},"27":{"start":{"line":69,"column":4},"end":{"line":69,"column":53}},"28":{"start":{"line":71,"column":4},"end":{"line":119,"column":5}},"29":{"start":{"line":72,"column":19},"end":{"line":81,"column":14}},"30":{"start":{"line":73,"column":22},"end":{"line":73,"column":48}},"31":{"start":{"line":74,"column":8},"end":{"line":76,"column":9}},"32":{"start":{"line":75,"column":10},"end":{"line":75,"column":36}},"33":{"start":{"line":77,"column":8},"end":{"line":79,"column":9}},"34":{"start":{"line":78,"column":10},"end":{"line":78,"column":34}},"35":{"start":{"line":80,"column":8},"end":{"line":80,"column":21}},"36":{"start":{"line":83,"column":19},"end":{"line":87,"column":8}},"37":{"start":{"line":89,"column":6},"end":{"line":89,"column":52}},"38":{"start":{"line":90,"column":21},"end":{"line":94,"column":7}},"39":{"start":{"line":96,"column":6},"end":{"line":96,"column":78}},"40":{"start":{"line":98,"column":6},"end":{"line":100,"column":7}},"41":{"start":{"line":99,"column":8},"end":{"line":99,"column":64}},"42":{"start":{"line":103,"column":6},"end":{"line":103,"column":58}},"43":{"start":{"line":104,"column":26},"end":{"line":104,"column":79}},"44":{"start":{"line":106,"column":6},"end":{"line":113,"column":7}},"45":{"start":{"line":107,"column":24},"end":{"line":107,"column":47}},"46":{"start":{"line":108,"column":8},"end":{"line":110,"column":10}},"47":{"start":{"line":112,"column":8},"end":{"line":112,"column":89}},"48":{"start":{"line":115,"column":6},"end":{"line":115,"column":56}},"49":{"start":{"line":116,"column":6},"end":{"line":116,"column":55}},"50":{"start":{"line":118,"column":6},"end":{"line":118,"column":26}},"51":{"start":{"line":122,"column":2},"end":{"line":213,"column":4}},"52":{"start":{"line":151,"column":10},"end":{"line":160,"column":29}},"53":{"start":{"line":157,"column":27},"end":{"line":157,"column":47}},"54":{"start":{"line":171,"column":12},"end":{"line":183,"column":19}},"55":{"start":{"line":179,"column":18},"end":{"line":179,"column":77}},"56":{"start":{"line":216,"column":15},"end":{"line":297,"column":2}}},"fnMap":{"0":{"name":"ContractDebugger","decl":{"start":{"line":27,"column":24},"end":{"line":27,"column":40}},"loc":{"start":{"line":27,"column":96},"end":{"line":214,"column":1}},"line":27},"1":{"name":"(anonymous_1)","decl":{"start":{"line":30,"column":71},"end":{"line":30,"column":72}},"loc":{"start":{"line":31,"column":4},"end":{"line":32,"column":81}},"line":31},"2":{"name":"(anonymous_2)","decl":{"start":{"line":39,"column":19},"end":{"line":39,"column":20}},"loc":{"start":{"line":39,"column":25},"end":{"line":51,"column":3}},"line":39},"3":{"name":"(anonymous_3)","decl":{"start":{"line":42,"column":40},"end":{"line":42,"column":41}},"loc":{"start":{"line":43,"column":8},"end":{"line":44,"column":85}},"line":43},"4":{"name":"(anonymous_4)","decl":{"start":{"line":53,"column":25},"end":{"line":53,"column":26}},"loc":{"start":{"line":53,"column":40},"end":{"line":60,"column":3}},"line":53},"5":{"name":"(anonymous_5)","decl":{"start":{"line":56,"column":25},"end":{"line":56,"column":26}},"loc":{"start":{"line":56,"column":41},"end":{"line":58,"column":5}},"line":56},"6":{"name":"(anonymous_6)","decl":{"start":{"line":62,"column":26},"end":{"line":62,"column":27}},"loc":{"start":{"line":62,"column":38},"end":{"line":120,"column":3}},"line":62},"7":{"name":"(anonymous_7)","decl":{"start":{"line":72,"column":48},"end":{"line":72,"column":49}},"loc":{"start":{"line":72,"column":64},"end":{"line":81,"column":7}},"line":72},"8":{"name":"(anonymous_8)","decl":{"start":{"line":150,"column":23},"end":{"line":150,"column":24}},"loc":{"start":{"line":151,"column":10},"end":{"line":160,"column":29}},"line":151},"9":{"name":"(anonymous_9)","decl":{"start":{"line":157,"column":21},"end":{"line":157,"column":22}},"loc":{"start":{"line":157,"column":27},"end":{"line":157,"column":47}},"line":157},"10":{"name":"(anonymous_10)","decl":{"start":{"line":170,"column":40},"end":{"line":170,"column":41}},"loc":{"start":{"line":171,"column":12},"end":{"line":183,"column":19}},"line":171},"11":{"name":"(anonymous_11)","decl":{"start":{"line":178,"column":30},"end":{"line":178,"column":31}},"loc":{"start":{"line":179,"column":18},"end":{"line":179,"column":77}},"line":179}},"branchMap":{"0":{"loc":{"start":{"line":31,"column":4},"end":{"line":32,"column":81}},"type":"binary-expr","locations":[{"start":{"line":31,"column":4},"end":{"line":31,"column":28}},{"start":{"line":32,"column":5},"end":{"line":32,"column":42}},{"start":{"line":32,"column":46},"end":{"line":32,"column":80}}],"line":31},"1":{"loc":{"start":{"line":43,"column":8},"end":{"line":44,"column":85}},"type":"binary-expr","locations":[{"start":{"line":43,"column":8},"end":{"line":43,"column":32}},{"start":{"line":44,"column":9},"end":{"line":44,"column":46}},{"start":{"line":44,"column":50},"end":{"line":44,"column":84}}],"line":43},"2":{"loc":{"start":{"line":63,"column":4},"end":{"line":66,"column":5}},"type":"if","locations":[{"start":{"line":63,"column":4},"end":{"line":66,"column":5}},{"start":{},"end":{}}],"line":63},"3":{"loc":{"start":{"line":63,"column":8},"end":{"line":63,"column":43}},"type":"binary-expr","locations":[{"start":{"line":63,"column":8},"end":{"line":63,"column":25}},{"start":{"line":63,"column":29},"end":{"line":63,"column":43}}],"line":63},"4":{"loc":{"start":{"line":72,"column":19},"end":{"line":81,"column":14}},"type":"binary-expr","locations":[{"start":{"line":72,"column":19},"end":{"line":81,"column":8}},{"start":{"line":81,"column":12},"end":{"line":81,"column":14}}],"line":72},"5":{"loc":{"start":{"line":74,"column":8},"end":{"line":76,"column":9}},"type":"if","locations":[{"start":{"line":74,"column":8},"end":{"line":76,"column":9}},{"start":{},"end":{}}],"line":74},"6":{"loc":{"start":{"line":74,"column":12},"end":{"line":74,"column":69}},"type":"binary-expr","locations":[{"start":{"line":74,"column":12},"end":{"line":74,"column":36}},{"start":{"line":74,"column":40},"end":{"line":74,"column":69}}],"line":74},"7":{"loc":{"start":{"line":75,"column":24},"end":{"line":75,"column":34}},"type":"binary-expr","locations":[{"start":{"line":75,"column":24},"end":{"line":75,"column":29}},{"start":{"line":75,"column":33},"end":{"line":75,"column":34}}],"line":75},"8":{"loc":{"start":{"line":77,"column":8},"end":{"line":79,"column":9}},"type":"if","locations":[{"start":{"line":77,"column":8},"end":{"line":79,"column":9}},{"start":{},"end":{}}],"line":77},"9":{"loc":{"start":{"line":98,"column":6},"end":{"line":100,"column":7}},"type":"if","locations":[{"start":{"line":98,"column":6},"end":{"line":100,"column":7}},{"start":{},"end":{}}],"line":98},"10":{"loc":{"start":{"line":106,"column":6},"end":{"line":113,"column":7}},"type":"if","locations":[{"start":{"line":106,"column":6},"end":{"line":113,"column":7}},{"start":{"line":111,"column":13},"end":{"line":113,"column":7}}],"line":106},"11":{"loc":{"start":{"line":106,"column":10},"end":{"line":106,"column":57}},"type":"binary-expr","locations":[{"start":{"line":106,"column":10},"end":{"line":106,"column":30}},{"start":{"line":106,"column":34},"end":{"line":106,"column":57}}],"line":106},"12":{"loc":{"start":{"line":155,"column":14},"end":{"line":155,"column":77}},"type":"binary-expr","locations":[{"start":{"line":155,"column":14},"end":{"line":155,"column":50}},{"start":{"line":155,"column":54},"end":{"line":155,"column":77}}],"line":155},"13":{"loc":{"start":{"line":164,"column":7},"end":{"line":204,"column":7}},"type":"binary-expr","locations":[{"start":{"line":164,"column":7},"end":{"line":164,"column":23}},{"start":{"line":165,"column":8},"end":{"line":203,"column":15}}],"line":164},"14":{"loc":{"start":{"line":177,"column":23},"end":{"line":177,"column":55}},"type":"binary-expr","locations":[{"start":{"line":177,"column":23},"end":{"line":177,"column":49}},{"start":{"line":177,"column":53},"end":{"line":177,"column":55}}],"line":177},"15":{"loc":{"start":{"line":189,"column":22},"end":{"line":189,"column":49}},"type":"binary-expr","locations":[{"start":{"line":189,"column":22},"end":{"line":189,"column":31}},{"start":{"line":189,"column":35},"end":{"line":189,"column":49}}],"line":189},"16":{"loc":{"start":{"line":191,"column":13},"end":{"line":195,"column":13}},"type":"cond-expr","locations":[{"start":{"line":192,"column":14},"end":{"line":192,"column":49}},{"start":{"line":194,"column":14},"end":{"line":194,"column":72}}],"line":191},"17":{"loc":{"start":{"line":198,"column":11},"end":{"line":202,"column":11}},"type":"binary-expr","locations":[{"start":{"line":198,"column":11},"end":{"line":198,"column":25}},{"start":{"line":199,"column":12},"end":{"line":201,"column":19}}],"line":198},"18":{"loc":{"start":{"line":206,"column":7},"end":{"line":211,"column":7}},"type":"binary-expr","locations":[{"start":{"line":206,"column":7},"end":{"line":206,"column":31}},{"start":{"line":207,"column":8},"end":{"line":210,"column":15}}],"line":206}},"s":{"0":23,"1":23,"2":23,"3":276,"4":23,"5":23,"6":23,"7":23,"8":23,"9":2,"10":2,"11":1,"12":1,"13":1,"14":1,"15":1,"16":23,"17":5,"18":5,"19":5,"20":5,"21":5,"22":23,"23":2,"24":0,"25":0,"26":2,"27":2,"28":2,"29":2,"30":1,"31":1,"32":0,"33":1,"34":0,"35":1,"36":2,"37":2,"38":2,"39":1,"40":1,"41":1,"42":1,"43":1,"44":1,"45":1,"46":1,"47":0,"48":1,"49":1,"50":2,"51":23,"52":65,"53":5,"54":8,"55":1,"56":1},"f":{"0":23,"1":276,"2":2,"3":1,"4":5,"5":5,"6":2,"7":1,"8":65,"9":5,"10":8,"11":1},"b":{"0":[276,184,115],"1":[1,1,0],"2":[0,2],"3":[2,2],"4":[2,0],"5":[0,1],"6":[1,1],"7":[0,0],"8":[0,1],"9":[1,0],"10":[1,0],"11":[1,1],"12":[65,10],"13":[23,10],"14":[8,5],"15":[10,8],"16":[2,8],"17":[10,1],"18":[23,4]},"_coverageSchema":"1a1c01bbd47fc00a2c39e90264f33305004495a9","hash":"5e0c6d8ce87f1f24c0240dd7215627e2401310db"}
,"/Users/msmart/rise-mobile-example/src/components/WalletSetupFlow.tsx": {"path":"/Users/msmart/rise-mobile-example/src/components/WalletSetupFlow.tsx","statementMap":{"0":{"start":{"line":27,"column":40},"end":{"line":27,"column":68}},"1":{"start":{"line":28,"column":36},"end":{"line":28,"column":51}},"2":{"start":{"line":29,"column":40},"end":{"line":29,"column":69}},"3":{"start":{"line":30,"column":46},"end":{"line":30,"column":75}},"4":{"start":{"line":31,"column":28},"end":{"line":31,"column":57}},"5":{"start":{"line":33,"column":21},"end":{"line":68,"column":3}},"6":{"start":{"line":34,"column":4},"end":{"line":34,"column":38}},"7":{"start":{"line":35,"column":4},"end":{"line":35,"column":23}},"8":{"start":{"line":36,"column":4},"end":{"line":36,"column":19}},"9":{"start":{"line":38,"column":4},"end":{"line":67,"column":5}},"10":{"start":{"line":40,"column":23},"end":{"line":40,"column":60}},"11":{"start":{"line":41,"column":6},"end":{"line":41,"column":31}},"12":{"start":{"line":42,"column":6},"end":{"line":42,"column":41}},"13":{"start":{"line":45,"column":26},"end":{"line":45,"column":65}},"14":{"start":{"line":46,"column":6},"end":{"line":46,"column":37}},"15":{"start":{"line":47,"column":6},"end":{"line":47,"column":43}},"16":{"start":{"line":50,"column":32},"end":{"line":50,"column":67}},"17":{"start":{"line":51,"column":6},"end":{"line":53,"column":7}},"18":{"start":{"line":52,"column":8},"end":{"line":52,"column":64}},"19":{"start":{"line":56,"column":24},"end":{"line":56,"column":55}},"20":{"start":{"line":57,"column":6},"end":{"line":59,"column":7}},"21":{"start":{"line":58,"column":8},"end":{"line":58,"column":56}},"22":{"start":{"line":61,"column":6},"end":{"line":61,"column":33}},"23":{"start":{"line":62,"column":6},"end":{"line":62,"column":26}},"24":{"start":{"line":64,"column":6},"end":{"line":64,"column":28}},"25":{"start":{"line":65,"column":6},"end":{"line":65,"column":26}},"26":{"start":{"line":66,"column":6},"end":{"line":66,"column":47}},"27":{"start":{"line":70,"column":24},"end":{"line":74,"column":3}},"28":{"start":{"line":71,"column":4},"end":{"line":73,"column":5}},"29":{"start":{"line":72,"column":6},"end":{"line":72,"column":46}},"30":{"start":{"line":76,"column":26},"end":{"line":119,"column":3}},"31":{"start":{"line":77,"column":4},"end":{"line":118,"column":11}},"32":{"start":{"line":121,"column":35},"end":{"line":137,"column":3}},"33":{"start":{"line":122,"column":4},"end":{"line":136,"column":11}},"34":{"start":{"line":139,"column":36},"end":{"line":155,"column":3}},"35":{"start":{"line":140,"column":4},"end":{"line":154,"column":11}},"36":{"start":{"line":157,"column":38},"end":{"line":165,"column":3}},"37":{"start":{"line":158,"column":4},"end":{"line":164,"column":11}},"38":{"start":{"line":167,"column":29},"end":{"line":207,"column":3}},"39":{"start":{"line":168,"column":4},"end":{"line":206,"column":11}},"40":{"start":{"line":209,"column":22},"end":{"line":219,"column":3}},"41":{"start":{"line":210,"column":4},"end":{"line":218,"column":11}},"42":{"start":{"line":221,"column":2},"end":{"line":223,"column":3}},"43":{"start":{"line":222,"column":4},"end":{"line":222,"column":25}},"44":{"start":{"line":225,"column":2},"end":{"line":233,"column":4}},"45":{"start":{"line":236,"column":15},"end":{"line":370,"column":2}}},"fnMap":{"0":{"name":"WalletSetupFlow","decl":{"start":{"line":22,"column":24},"end":{"line":22,"column":39}},"loc":{"start":{"line":26,"column":25},"end":{"line":234,"column":1}},"line":26},"1":{"name":"(anonymous_1)","decl":{"start":{"line":33,"column":21},"end":{"line":33,"column":22}},"loc":{"start":{"line":33,"column":33},"end":{"line":68,"column":3}},"line":33},"2":{"name":"(anonymous_2)","decl":{"start":{"line":70,"column":24},"end":{"line":70,"column":25}},"loc":{"start":{"line":70,"column":30},"end":{"line":74,"column":3}},"line":70},"3":{"name":"(anonymous_3)","decl":{"start":{"line":76,"column":26},"end":{"line":76,"column":27}},"loc":{"start":{"line":77,"column":4},"end":{"line":118,"column":11}},"line":77},"4":{"name":"(anonymous_4)","decl":{"start":{"line":121,"column":35},"end":{"line":121,"column":36}},"loc":{"start":{"line":122,"column":4},"end":{"line":136,"column":11}},"line":122},"5":{"name":"(anonymous_5)","decl":{"start":{"line":139,"column":36},"end":{"line":139,"column":37}},"loc":{"start":{"line":140,"column":4},"end":{"line":154,"column":11}},"line":140},"6":{"name":"(anonymous_6)","decl":{"start":{"line":157,"column":38},"end":{"line":157,"column":39}},"loc":{"start":{"line":158,"column":4},"end":{"line":164,"column":11}},"line":158},"7":{"name":"(anonymous_7)","decl":{"start":{"line":167,"column":29},"end":{"line":167,"column":30}},"loc":{"start":{"line":168,"column":4},"end":{"line":206,"column":11}},"line":168},"8":{"name":"(anonymous_8)","decl":{"start":{"line":209,"column":22},"end":{"line":209,"column":23}},"loc":{"start":{"line":210,"column":4},"end":{"line":218,"column":11}},"line":210}},"branchMap":{"0":{"loc":{"start":{"line":51,"column":6},"end":{"line":53,"column":7}},"type":"if","locations":[{"start":{"line":51,"column":6},"end":{"line":53,"column":7}},{"start":{},"end":{}}],"line":51},"1":{"loc":{"start":{"line":57,"column":6},"end":{"line":59,"column":7}},"type":"if","locations":[{"start":{"line":57,"column":6},"end":{"line":59,"column":7}},{"start":{},"end":{}}],"line":57},"2":{"loc":{"start":{"line":71,"column":4},"end":{"line":73,"column":5}},"type":"if","locations":[{"start":{"line":71,"column":4},"end":{"line":73,"column":5}},{"start":{},"end":{}}],"line":71},"3":{"loc":{"start":{"line":71,"column":8},"end":{"line":71,"column":37}},"type":"binary-expr","locations":[{"start":{"line":71,"column":8},"end":{"line":71,"column":19}},{"start":{"line":71,"column":23},"end":{"line":71,"column":37}}],"line":71},"4":{"loc":{"start":{"line":128,"column":7},"end":{"line":135,"column":7}},"type":"binary-expr","locations":[{"start":{"line":128,"column":7},"end":{"line":128,"column":18}},{"start":{"line":129,"column":8},"end":{"line":134,"column":15}}],"line":128},"5":{"loc":{"start":{"line":146,"column":7},"end":{"line":153,"column":7}},"type":"binary-expr","locations":[{"start":{"line":146,"column":7},"end":{"line":146,"column":21}},{"start":{"line":147,"column":8},"end":{"line":152,"column":15}}],"line":146},"6":{"loc":{"start":{"line":221,"column":2},"end":{"line":223,"column":3}},"type":"if","locations":[{"start":{"line":221,"column":2},"end":{"line":223,"column":3}},{"start":{},"end":{}}],"line":221},"7":{"loc":{"start":{"line":227,"column":7},"end":{"line":227,"column":51}},"type":"binary-expr","locations":[{"start":{"line":227,"column":7},"end":{"line":227,"column":30}},{"start":{"line":227,"column":34},"end":{"line":227,"column":51}}],"line":227},"8":{"loc":{"start":{"line":228,"column":7},"end":{"line":228,"column":70}},"type":"binary-expr","locations":[{"start":{"line":228,"column":7},"end":{"line":228,"column":40}},{"start":{"line":228,"column":44},"end":{"line":228,"column":70}}],"line":228},"9":{"loc":{"start":{"line":229,"column":7},"end":{"line":229,"column":72}},"type":"binary-expr","locations":[{"start":{"line":229,"column":7},"end":{"line":229,"column":41}},{"start":{"line":229,"column":45},"end":{"line":229,"column":72}}],"line":229},"10":{"loc":{"start":{"line":230,"column":7},"end":{"line":230,"column":76}},"type":"binary-expr","locations":[{"start":{"line":230,"column":7},"end":{"line":230,"column":43}},{"start":{"line":230,"column":47},"end":{"line":230,"column":76}}],"line":230},"11":{"loc":{"start":{"line":231,"column":7},"end":{"line":231,"column":57}},"type":"binary-expr","locations":[{"start":{"line":231,"column":7},"end":{"line":231,"column":33}},{"start":{"line":231,"column":37},"end":{"line":231,"column":57}}],"line":231}},"s":{"0":0,"1":0,"2":0,"3":0,"4":0,"5":0,"6":0,"7":0,"8":0,"9":0,"10":0,"11":0,"12":0,"13":0,"14":0,"15":0,"16":0,"17":0,"18":0,"19":0,"20":0,"21":0,"22":0,"23":0,"24":0,"25":0,"26":0,"27":0,"28":0,"29":0,"30":0,"31":0,"32":0,"33":0,"34":0,"35":0,"36":0,"37":0,"38":0,"39":0,"40":0,"41":0,"42":0,"43":0,"44":0,"45":0},"f":{"0":0,"1":0,"2":0,"3":0,"4":0,"5":0,"6":0,"7":0,"8":0},"b":{"0":[0,0],"1":[0,0],"2":[0,0],"3":[0,0],"4":[0,0],"5":[0,0],"6":[0,0],"7":[0,0],"8":[0,0],"9":[0,0],"10":[0,0],"11":[0,0]}}
,"/Users/msmart/rise-mobile-example/src/config/constants.ts": {"path":"/Users/msmart/rise-mobile-example/src/config/constants.ts","statementMap":{"0":{"start":{"line":1,"column":28},"end":{"line":9,"column":1}},"1":{"start":{"line":11,"column":28},"end":{"line":17,"column":1}},"2":{"start":{"line":19,"column":38},"end":{"line":22,"column":1}},"3":{"start":{"line":27,"column":27},"end":{"line":27,"column":48}}},"fnMap":{},"branchMap":{},"s":{"0":6,"1":6,"2":6,"3":6},"f":{},"b":{},"_coverageSchema":"1a1c01bbd47fc00a2c39e90264f33305004495a9","hash":"a0500c90f1228ff76d394edcaab4459140722904"}
,"/Users/msmart/rise-mobile-example/src/lib/porto/client.ts": {"path":"/Users/msmart/rise-mobile-example/src/lib/porto/client.ts","statementMap":{"0":{"start":{"line":17,"column":46},"end":{"line":17,"column":50}},"1":{"start":{"line":22,"column":4},"end":{"line":22,"column":29}},"2":{"start":{"line":23,"column":4},"end":{"line":23,"column":27}},"3":{"start":{"line":27,"column":4},"end":{"line":27,"column":58}},"4":{"start":{"line":28,"column":4},"end":{"line":28,"column":75}},"5":{"start":{"line":34,"column":25},"end":{"line":34,"column":46}},"6":{"start":{"line":35,"column":4},"end":{"line":40,"column":5}},"7":{"start":{"line":37,"column":28},"end":{"line":37,"column":49}},"8":{"start":{"line":38,"column":21},"end":{"line":38,"column":52}},"9":{"start":{"line":39,"column":6},"end":{"line":39,"column":27}},"10":{"start":{"line":41,"column":4},"end":{"line":41,"column":24}},"11":{"start":{"line":45,"column":21},"end":{"line":54,"column":6}},"12":{"start":{"line":56,"column":4},"end":{"line":58,"column":5}},"13":{"start":{"line":57,"column":6},"end":{"line":57,"column":64}},"14":{"start":{"line":60,"column":19},"end":{"line":60,"column":40}},"15":{"start":{"line":61,"column":4},"end":{"line":63,"column":5}},"16":{"start":{"line":62,"column":6},"end":{"line":62,"column":65}},"17":{"start":{"line":64,"column":4},"end":{"line":64,"column":25}},"18":{"start":{"line":68,"column":4},"end":{"line":73,"column":5}},"19":{"start":{"line":69,"column":21},"end":{"line":69,"column":53}},"20":{"start":{"line":70,"column":6},"end":{"line":70,"column":34}},"21":{"start":{"line":72,"column":6},"end":{"line":72,"column":19}},"22":{"start":{"line":77,"column":19},"end":{"line":77,"column":43}},"23":{"start":{"line":78,"column":4},"end":{"line":78,"column":64}},"24":{"start":{"line":82,"column":4},"end":{"line":82,"column":65}},"25":{"start":{"line":82,"column":23},"end":{"line":82,"column":65}},"26":{"start":{"line":84,"column":4},"end":{"line":126,"column":5}},"27":{"start":{"line":85,"column":40},"end":{"line":85,"column":42}},"28":{"start":{"line":86,"column":6},"end":{"line":95,"column":7}},"29":{"start":{"line":87,"column":8},"end":{"line":94,"column":11}},"30":{"start":{"line":97,"column":52},"end":{"line":102,"column":7}},"31":{"start":{"line":104,"column":54},"end":{"line":107,"column":7}},"32":{"start":{"line":109,"column":22},"end":{"line":109,"column":92}},"33":{"start":{"line":110,"column":22},"end":{"line":110,"column":92}},"34":{"start":{"line":112,"column":52},"end":{"line":118,"column":7}},"35":{"start":{"line":120,"column":6},"end":{"line":120,"column":68}},"36":{"start":{"line":121,"column":6},"end":{"line":121,"column":55}},"37":{"start":{"line":122,"column":6},"end":{"line":122,"column":18}},"38":{"start":{"line":124,"column":6},"end":{"line":124,"column":63}},"39":{"start":{"line":125,"column":6},"end":{"line":125,"column":19}},"40":{"start":{"line":130,"column":4},"end":{"line":130,"column":65}},"41":{"start":{"line":130,"column":23},"end":{"line":130,"column":65}},"42":{"start":{"line":132,"column":41},"end":{"line":146,"column":5}},"43":{"start":{"line":148,"column":4},"end":{"line":148,"column":64}},"44":{"start":{"line":155,"column":4},"end":{"line":155,"column":65}},"45":{"start":{"line":155,"column":23},"end":{"line":155,"column":65}},"46":{"start":{"line":157,"column":22},"end":{"line":157,"column":70}},"47":{"start":{"line":159,"column":46},"end":{"line":167,"column":5}},"48":{"start":{"line":169,"column":21},"end":{"line":169,"column":78}},"49":{"start":{"line":170,"column":4},"end":{"line":170,"column":35}},"50":{"start":{"line":174,"column":4},"end":{"line":174,"column":67}},"51":{"start":{"line":182,"column":26},"end":{"line":182,"column":72}},"52":{"start":{"line":183,"column":21},"end":{"line":183,"column":94}},"53":{"start":{"line":186,"column":4},"end":{"line":191,"column":5}},"54":{"start":{"line":187,"column":6},"end":{"line":187,"column":62}},"55":{"start":{"line":187,"column":35},"end":{"line":187,"column":60}},"56":{"start":{"line":188,"column":6},"end":{"line":188,"column":51}},"57":{"start":{"line":190,"column":6},"end":{"line":190,"column":68}},"58":{"start":{"line":193,"column":4},"end":{"line":193,"column":32}},"59":{"start":{"line":201,"column":4},"end":{"line":214,"column":5}},"60":{"start":{"line":201,"column":17},"end":{"line":201,"column":18}},"61":{"start":{"line":202,"column":6},"end":{"line":212,"column":7}},"62":{"start":{"line":203,"column":23},"end":{"line":203,"column":58}},"63":{"start":{"line":204,"column":8},"end":{"line":206,"column":9}},"64":{"start":{"line":205,"column":10},"end":{"line":205,"column":24}},"65":{"start":{"line":207,"column":8},"end":{"line":209,"column":9}},"66":{"start":{"line":208,"column":10},"end":{"line":208,"column":77}},"67":{"start":{"line":211,"column":8},"end":{"line":211,"column":47}},"68":{"start":{"line":211,"column":35},"end":{"line":211,"column":47}},"69":{"start":{"line":213,"column":6},"end":{"line":213,"column":65}},"70":{"start":{"line":213,"column":35},"end":{"line":213,"column":63}},"71":{"start":{"line":215,"column":4},"end":{"line":215,"column":43}},"72":{"start":{"line":219,"column":4},"end":{"line":219,"column":41}},"73":{"start":{"line":223,"column":4},"end":{"line":223,"column":33}}},"fnMap":{"0":{"name":"(anonymous_0)","decl":{"start":{"line":21,"column":2},"end":{"line":21,"column":3}},"loc":{"start":{"line":21,"column":96},"end":{"line":24,"column":3}},"line":21},"1":{"name":"(anonymous_1)","decl":{"start":{"line":26,"column":2},"end":{"line":26,"column":3}},"loc":{"start":{"line":26,"column":33},"end":{"line":29,"column":3}},"line":26},"2":{"name":"(anonymous_2)","decl":{"start":{"line":31,"column":2},"end":{"line":31,"column":3}},"loc":{"start":{"line":31,"column":54},"end":{"line":42,"column":3}},"line":31},"3":{"name":"(anonymous_3)","decl":{"start":{"line":44,"column":2},"end":{"line":44,"column":3}},"loc":{"start":{"line":44,"column":69},"end":{"line":65,"column":3}},"line":44},"4":{"name":"(anonymous_4)","decl":{"start":{"line":67,"column":2},"end":{"line":67,"column":3}},"loc":{"start":{"line":67,"column":40},"end":{"line":74,"column":3}},"line":67},"5":{"name":"(anonymous_5)","decl":{"start":{"line":76,"column":2},"end":{"line":76,"column":3}},"loc":{"start":{"line":76,"column":56},"end":{"line":79,"column":3}},"line":76},"6":{"name":"(anonymous_6)","decl":{"start":{"line":81,"column":2},"end":{"line":81,"column":3}},"loc":{"start":{"line":81,"column":68},"end":{"line":127,"column":3}},"line":81},"7":{"name":"(anonymous_7)","decl":{"start":{"line":129,"column":2},"end":{"line":129,"column":3}},"loc":{"start":{"line":129,"column":72},"end":{"line":149,"column":3}},"line":129},"8":{"name":"(anonymous_8)","decl":{"start":{"line":151,"column":2},"end":{"line":151,"column":3}},"loc":{"start":{"line":154,"column":21},"end":{"line":171,"column":3}},"line":154},"9":{"name":"(anonymous_9)","decl":{"start":{"line":173,"column":2},"end":{"line":173,"column":3}},"loc":{"start":{"line":173,"column":69},"end":{"line":175,"column":3}},"line":173},"10":{"name":"(anonymous_10)","decl":{"start":{"line":177,"column":2},"end":{"line":177,"column":3}},"loc":{"start":{"line":181,"column":63},"end":{"line":194,"column":3}},"line":181},"11":{"name":"(anonymous_11)","decl":{"start":{"line":187,"column":24},"end":{"line":187,"column":25}},"loc":{"start":{"line":187,"column":35},"end":{"line":187,"column":60}},"line":187},"12":{"name":"(anonymous_12)","decl":{"start":{"line":196,"column":2},"end":{"line":196,"column":3}},"loc":{"start":{"line":200,"column":32},"end":{"line":216,"column":3}},"line":200},"13":{"name":"(anonymous_13)","decl":{"start":{"line":213,"column":24},"end":{"line":213,"column":25}},"loc":{"start":{"line":213,"column":35},"end":{"line":213,"column":63}},"line":213},"14":{"name":"(anonymous_14)","decl":{"start":{"line":218,"column":2},"end":{"line":218,"column":3}},"loc":{"start":{"line":218,"column":30},"end":{"line":220,"column":3}},"line":218},"15":{"name":"(anonymous_15)","decl":{"start":{"line":222,"column":2},"end":{"line":222,"column":3}},"loc":{"start":{"line":222,"column":21},"end":{"line":224,"column":3}},"line":222}},"branchMap":{"0":{"loc":{"start":{"line":21,"column":14},"end":{"line":21,"column":54}},"type":"default-arg","locations":[{"start":{"line":21,"column":33},"end":{"line":21,"column":54}}],"line":21},"1":{"loc":{"start":{"line":21,"column":56},"end":{"line":21,"column":94}},"type":"default-arg","locations":[{"start":{"line":21,"column":74},"end":{"line":21,"column":94}}],"line":21},"2":{"loc":{"start":{"line":35,"column":4},"end":{"line":40,"column":5}},"type":"if","locations":[{"start":{"line":35,"column":4},"end":{"line":40,"column":5}},{"start":{},"end":{}}],"line":35},"3":{"loc":{"start":{"line":56,"column":4},"end":{"line":58,"column":5}},"type":"if","locations":[{"start":{"line":56,"column":4},"end":{"line":58,"column":5}},{"start":{},"end":{}}],"line":56},"4":{"loc":{"start":{"line":61,"column":4},"end":{"line":63,"column":5}},"type":"if","locations":[{"start":{"line":61,"column":4},"end":{"line":63,"column":5}},{"start":{},"end":{}}],"line":61},"5":{"loc":{"start":{"line":62,"column":22},"end":{"line":62,"column":63}},"type":"binary-expr","locations":[{"start":{"line":62,"column":22},"end":{"line":62,"column":42}},{"start":{"line":62,"column":46},"end":{"line":62,"column":63}}],"line":62},"6":{"loc":{"start":{"line":77,"column":19},"end":{"line":77,"column":43}},"type":"cond-expr","locations":[{"start":{"line":77,"column":29},"end":{"line":77,"column":38}},{"start":{"line":77,"column":41},"end":{"line":77,"column":43}}],"line":77},"7":{"loc":{"start":{"line":82,"column":4},"end":{"line":82,"column":65}},"type":"if","locations":[{"start":{"line":82,"column":4},"end":{"line":82,"column":65}},{"start":{},"end":{}}],"line":82},"8":{"loc":{"start":{"line":86,"column":6},"end":{"line":95,"column":7}},"type":"if","locations":[{"start":{"line":86,"column":6},"end":{"line":95,"column":7}},{"start":{},"end":{}}],"line":86},"9":{"loc":{"start":{"line":130,"column":4},"end":{"line":130,"column":65}},"type":"if","locations":[{"start":{"line":130,"column":4},"end":{"line":130,"column":65}},{"start":{},"end":{}}],"line":130},"10":{"loc":{"start":{"line":155,"column":4},"end":{"line":155,"column":65}},"type":"if","locations":[{"start":{"line":155,"column":4},"end":{"line":155,"column":65}},{"start":{},"end":{}}],"line":155},"11":{"loc":{"start":{"line":170,"column":11},"end":{"line":170,"column":34}},"type":"binary-expr","locations":[{"start":{"line":170,"column":11},"end":{"line":170,"column":22}},{"start":{"line":170,"column":26},"end":{"line":170,"column":34}}],"line":170},"12":{"loc":{"start":{"line":180,"column":4},"end":{"line":180,"column":25}},"type":"default-arg","locations":[{"start":{"line":180,"column":20},"end":{"line":180,"column":25}}],"line":180},"13":{"loc":{"start":{"line":198,"column":4},"end":{"line":198,"column":28}},"type":"default-arg","locations":[{"start":{"line":198,"column":26},"end":{"line":198,"column":28}}],"line":198},"14":{"loc":{"start":{"line":199,"column":4},"end":{"line":199,"column":26}},"type":"default-arg","locations":[{"start":{"line":199,"column":22},"end":{"line":199,"column":26}}],"line":199},"15":{"loc":{"start":{"line":204,"column":8},"end":{"line":206,"column":9}},"type":"if","locations":[{"start":{"line":204,"column":8},"end":{"line":206,"column":9}},{"start":{},"end":{}}],"line":204},"16":{"loc":{"start":{"line":204,"column":12},"end":{"line":204,"column":56}},"type":"binary-expr","locations":[{"start":{"line":204,"column":12},"end":{"line":204,"column":33}},{"start":{"line":204,"column":37},"end":{"line":204,"column":56}}],"line":204},"17":{"loc":{"start":{"line":207,"column":8},"end":{"line":209,"column":9}},"type":"if","locations":[{"start":{"line":207,"column":8},"end":{"line":209,"column":9}},{"start":{},"end":{}}],"line":207},"18":{"loc":{"start":{"line":211,"column":8},"end":{"line":211,"column":47}},"type":"if","locations":[{"start":{"line":211,"column":8},"end":{"line":211,"column":47}},{"start":{},"end":{}}],"line":211},"19":{"loc":{"start":{"line":219,"column":11},"end":{"line":219,"column":40}},"type":"binary-expr","locations":[{"start":{"line":219,"column":11},"end":{"line":219,"column":32}},{"start":{"line":219,"column":36},"end":{"line":219,"column":40}}],"line":219}},"s":{"0":20,"1":20,"2":20,"3":7,"4":7,"5":8,"6":8,"7":7,"8":7,"9":7,"10":1,"11":21,"12":18,"13":0,"14":18,"15":18,"16":0,"17":18,"18":2,"19":2,"20":1,"21":1,"22":1,"23":1,"24":7,"25":3,"26":4,"27":4,"28":4,"29":1,"30":4,"31":4,"32":3,"33":3,"34":3,"35":3,"36":3,"37":3,"38":1,"39":1,"40":3,"41":0,"42":3,"43":3,"44":2,"45":0,"46":2,"47":2,"48":2,"49":2,"50":6,"51":3,"52":2,"53":2,"54":2,"55":2,"56":2,"57":0,"58":2,"59":3,"60":3,"61":4,"62":4,"63":4,"64":1,"65":3,"66":1,"67":1,"68":1,"69":2,"70":2,"71":1,"72":1,"73":0},"f":{"0":20,"1":7,"2":8,"3":21,"4":2,"5":1,"6":7,"7":3,"8":2,"9":6,"10":3,"11":2,"12":3,"13":2,"14":1,"15":0},"b":{"0":[2],"1":[2],"2":[7,1],"3":[0,18],"4":[0,18],"5":[0,0],"6":[1,0],"7":[3,4],"8":[1,3],"9":[0,3],"10":[0,2],"11":[2,0],"12":[0],"13":[0],"14":[0],"15":[1,3],"16":[4,3],"17":[1,2],"18":[1,0],"19":[1,0]},"_coverageSchema":"1a1c01bbd47fc00a2c39e90264f33305004495a9","hash":"efa3eeb7132d2b68abac21d3c0b51fc5ae550fca"}
,"/Users/msmart/rise-mobile-example/src/lib/porto/session.ts": {"path":"/Users/msmart/rise-mobile-example/src/lib/porto/session.ts","statementMap":{"0":{"start":{"line":5,"column":24},"end":{"line":5,"column":42}},"1":{"start":{"line":6,"column":20},"end":{"line":6,"column":38}},"2":{"start":{"line":7,"column":23},"end":{"line":7,"column":44}},"3":{"start":{"line":15,"column":50},"end":{"line":15,"column":54}},"4":{"start":{"line":16,"column":53},"end":{"line":16,"column":57}},"5":{"start":{"line":18,"column":34},"end":{"line":18,"column":35}},"6":{"start":{"line":19,"column":34},"end":{"line":22,"column":3}},"7":{"start":{"line":25,"column":4},"end":{"line":25,"column":35}},"8":{"start":{"line":29,"column":21},"end":{"line":29,"column":68}},"9":{"start":{"line":31,"column":4},"end":{"line":35,"column":5}},"10":{"start":{"line":32,"column":6},"end":{"line":32,"column":40}},"11":{"start":{"line":33,"column":6},"end":{"line":33,"column":66}},"12":{"start":{"line":34,"column":6},"end":{"line":34,"column":57}},"13":{"start":{"line":37,"column":4},"end":{"line":37,"column":72}},"14":{"start":{"line":38,"column":4},"end":{"line":38,"column":44}},"15":{"start":{"line":39,"column":4},"end":{"line":39,"column":80}},"16":{"start":{"line":41,"column":4},"end":{"line":41,"column":36}},"17":{"start":{"line":45,"column":24},"end":{"line":45,"column":67}},"18":{"start":{"line":46,"column":27},"end":{"line":46,"column":73}},"19":{"start":{"line":48,"column":4},"end":{"line":56,"column":5}},"20":{"start":{"line":49,"column":21},"end":{"line":49,"column":45}},"21":{"start":{"line":50,"column":6},"end":{"line":55,"column":7}},"22":{"start":{"line":51,"column":8},"end":{"line":51,"column":80}},"23":{"start":{"line":52,"column":8},"end":{"line":52,"column":36}},"24":{"start":{"line":53,"column":8},"end":{"line":53,"column":60}},"25":{"start":{"line":54,"column":8},"end":{"line":54,"column":43}},"26":{"start":{"line":58,"column":30},"end":{"line":58,"column":50}},"27":{"start":{"line":59,"column":4},"end":{"line":59,"column":65}},"28":{"start":{"line":60,"column":4},"end":{"line":60,"column":81}},"29":{"start":{"line":62,"column":4},"end":{"line":62,"column":67}},"30":{"start":{"line":63,"column":4},"end":{"line":63,"column":82}},"31":{"start":{"line":65,"column":4},"end":{"line":65,"column":83}},"32":{"start":{"line":68,"column":4},"end":{"line":68,"column":72}},"33":{"start":{"line":70,"column":4},"end":{"line":70,"column":39}},"34":{"start":{"line":74,"column":4},"end":{"line":74,"column":51}},"35":{"start":{"line":75,"column":4},"end":{"line":75,"column":54}},"36":{"start":{"line":76,"column":4},"end":{"line":76,"column":31}},"37":{"start":{"line":77,"column":4},"end":{"line":77,"column":27}},"38":{"start":{"line":78,"column":4},"end":{"line":78,"column":45}},"39":{"start":{"line":82,"column":4},"end":{"line":82,"column":55}},"40":{"start":{"line":83,"column":4},"end":{"line":83,"column":30}},"41":{"start":{"line":84,"column":4},"end":{"line":84,"column":28}},"42":{"start":{"line":85,"column":4},"end":{"line":85,"column":44}},"43":{"start":{"line":89,"column":4},"end":{"line":89,"column":48}},"44":{"start":{"line":93,"column":4},"end":{"line":93,"column":30}},"45":{"start":{"line":97,"column":4},"end":{"line":97,"column":45}},"46":{"start":{"line":101,"column":4},"end":{"line":101,"column":48}},"47":{"start":{"line":105,"column":4},"end":{"line":105,"column":68}},"48":{"start":{"line":109,"column":4},"end":{"line":109,"column":43}},"49":{"start":{"line":113,"column":4},"end":{"line":113,"column":56}}},"fnMap":{"0":{"name":"(anonymous_0)","decl":{"start":{"line":24,"column":2},"end":{"line":24,"column":3}},"loc":{"start":{"line":24,"column":40},"end":{"line":26,"column":3}},"line":24},"1":{"name":"(anonymous_1)","decl":{"start":{"line":28,"column":2},"end":{"line":28,"column":3}},"loc":{"start":{"line":28,"column":42},"end":{"line":42,"column":3}},"line":28},"2":{"name":"(anonymous_2)","decl":{"start":{"line":44,"column":2},"end":{"line":44,"column":3}},"loc":{"start":{"line":44,"column":44},"end":{"line":71,"column":3}},"line":44},"3":{"name":"(anonymous_3)","decl":{"start":{"line":73,"column":2},"end":{"line":73,"column":3}},"loc":{"start":{"line":73,"column":38},"end":{"line":79,"column":3}},"line":73},"4":{"name":"(anonymous_4)","decl":{"start":{"line":81,"column":2},"end":{"line":81,"column":3}},"loc":{"start":{"line":81,"column":34},"end":{"line":86,"column":3}},"line":81},"5":{"name":"(anonymous_5)","decl":{"start":{"line":88,"column":2},"end":{"line":88,"column":3}},"loc":{"start":{"line":88,"column":53},"end":{"line":90,"column":3}},"line":88},"6":{"name":"(anonymous_6)","decl":{"start":{"line":92,"column":2},"end":{"line":92,"column":3}},"loc":{"start":{"line":92,"column":29},"end":{"line":94,"column":3}},"line":92},"7":{"name":"(anonymous_7)","decl":{"start":{"line":96,"column":2},"end":{"line":96,"column":3}},"loc":{"start":{"line":96,"column":34},"end":{"line":98,"column":3}},"line":96},"8":{"name":"(anonymous_8)","decl":{"start":{"line":100,"column":2},"end":{"line":100,"column":3}},"loc":{"start":{"line":100,"column":37},"end":{"line":102,"column":3}},"line":100},"9":{"name":"(anonymous_9)","decl":{"start":{"line":104,"column":2},"end":{"line":104,"column":3}},"loc":{"start":{"line":104,"column":34},"end":{"line":106,"column":3}},"line":104},"10":{"name":"(anonymous_10)","decl":{"start":{"line":108,"column":2},"end":{"line":108,"column":3}},"loc":{"start":{"line":108,"column":28},"end":{"line":110,"column":3}},"line":108},"11":{"name":"(anonymous_11)","decl":{"start":{"line":112,"column":2},"end":{"line":112,"column":3}},"loc":{"start":{"line":112,"column":29},"end":{"line":114,"column":3}},"line":112}},"branchMap":{"0":{"loc":{"start":{"line":31,"column":4},"end":{"line":35,"column":5}},"type":"if","locations":[{"start":{"line":31,"column":4},"end":{"line":35,"column":5}},{"start":{},"end":{}}],"line":31},"1":{"loc":{"start":{"line":48,"column":4},"end":{"line":56,"column":5}},"type":"if","locations":[{"start":{"line":48,"column":4},"end":{"line":56,"column":5}},{"start":{},"end":{}}],"line":48},"2":{"loc":{"start":{"line":48,"column":8},"end":{"line":48,"column":37}},"type":"binary-expr","locations":[{"start":{"line":48,"column":8},"end":{"line":48,"column":19}},{"start":{"line":48,"column":23},"end":{"line":48,"column":37}}],"line":48},"3":{"loc":{"start":{"line":50,"column":6},"end":{"line":55,"column":7}},"type":"if","locations":[{"start":{"line":50,"column":6},"end":{"line":55,"column":7}},{"start":{},"end":{}}],"line":50},"4":{"loc":{"start":{"line":97,"column":11},"end":{"line":97,"column":44}},"type":"binary-expr","locations":[{"start":{"line":97,"column":11},"end":{"line":97,"column":36}},{"start":{"line":97,"column":40},"end":{"line":97,"column":44}}],"line":97},"5":{"loc":{"start":{"line":101,"column":11},"end":{"line":101,"column":47}},"type":"binary-expr","locations":[{"start":{"line":101,"column":11},"end":{"line":101,"column":39}},{"start":{"line":101,"column":43},"end":{"line":101,"column":47}}],"line":101},"6":{"loc":{"start":{"line":105,"column":11},"end":{"line":105,"column":67}},"type":"cond-expr","locations":[{"start":{"line":105,"column":32},"end":{"line":105,"column":60}},{"start":{"line":105,"column":63},"end":{"line":105,"column":67}}],"line":105}},"s":{"0":4,"1":4,"2":4,"3":18,"4":18,"5":18,"6":18,"7":18,"8":5,"9":5,"10":4,"11":4,"12":4,"13":5,"14":5,"15":5,"16":5,"17":9,"18":9,"19":9,"20":3,"21":3,"22":1,"23":1,"24":1,"25":1,"26":8,"27":8,"28":8,"29":8,"30":8,"31":8,"32":8,"33":6,"34":2,"35":2,"36":2,"37":2,"38":2,"39":1,"40":1,"41":1,"42":1,"43":3,"44":3,"45":3,"46":4,"47":2,"48":2,"49":1},"f":{"0":18,"1":5,"2":9,"3":2,"4":1,"5":3,"6":3,"7":3,"8":4,"9":2,"10":2,"11":1},"b":{"0":[4,1],"1":[3,6],"2":[9,3],"3":[1,2],"4":[3,2],"5":[4,3],"6":[1,1]},"_coverageSchema":"1a1c01bbd47fc00a2c39e90264f33305004495a9","hash":"f90fca125f98a959268e93e32c54b0cd521ca9a9"}
,"/Users/msmart/rise-mobile-example/src/lib/porto/types.ts": {"path":"/Users/msmart/rise-mobile-example/src/lib/porto/types.ts","statementMap":{},"fnMap":{},"branchMap":{},"s":{},"f":{},"b":{}}
,"/Users/msmart/rise-mobile-example/src/screens/HomeScreen.tsx": {"path":"/Users/msmart/rise-mobile-example/src/screens/HomeScreen.tsx","statementMap":{"0":{"start":{"line":7,"column":20},"end":{"line":7,"column":37}},"1":{"start":{"line":8,"column":23},"end":{"line":8,"column":54}},"2":{"start":{"line":11,"column":44},"end":{"line":11,"column":59}},"3":{"start":{"line":12,"column":44},"end":{"line":12,"column":73}},"4":{"start":{"line":13,"column":46},"end":{"line":13,"column":75}},"5":{"start":{"line":14,"column":28},"end":{"line":14,"column":57}},"6":{"start":{"line":16,"column":2},"end":{"line":18,"column":9}},"7":{"start":{"line":17,"column":4},"end":{"line":17,"column":23}},"8":{"start":{"line":20,"column":27},"end":{"line":41,"column":3}},"9":{"start":{"line":21,"column":4},"end":{"line":40,"column":5}},"10":{"start":{"line":23,"column":23},"end":{"line":23,"column":60}},"11":{"start":{"line":24,"column":6},"end":{"line":24,"column":33}},"12":{"start":{"line":27,"column":26},"end":{"line":27,"column":65}},"13":{"start":{"line":28,"column":6},"end":{"line":28,"column":37}},"14":{"start":{"line":31,"column":24},"end":{"line":31,"column":55}},"15":{"start":{"line":32,"column":6},"end":{"line":34,"column":7}},"16":{"start":{"line":33,"column":8},"end":{"line":33,"column":56}},"17":{"start":{"line":36,"column":6},"end":{"line":36,"column":29}},"18":{"start":{"line":38,"column":6},"end":{"line":38,"column":28}},"19":{"start":{"line":39,"column":6},"end":{"line":39,"column":50}},"20":{"start":{"line":43,"column":2},"end":{"line":49,"column":3}},"21":{"start":{"line":44,"column":4},"end":{"line":48,"column":6}},"22":{"start":{"line":51,"column":2},"end":{"line":58,"column":3}},"23":{"start":{"line":52,"column":4},"end":{"line":57,"column":6}},"24":{"start":{"line":60,"column":2},"end":{"line":79,"column":4}},"25":{"start":{"line":82,"column":15},"end":{"line":124,"column":2}}},"fnMap":{"0":{"name":"HomeScreen","decl":{"start":{"line":10,"column":24},"end":{"line":10,"column":34}},"loc":{"start":{"line":10,"column":37},"end":{"line":80,"column":1}},"line":10},"1":{"name":"(anonymous_1)","decl":{"start":{"line":16,"column":12},"end":{"line":16,"column":13}},"loc":{"start":{"line":16,"column":18},"end":{"line":18,"column":3}},"line":16},"2":{"name":"(anonymous_2)","decl":{"start":{"line":20,"column":27},"end":{"line":20,"column":28}},"loc":{"start":{"line":20,"column":39},"end":{"line":41,"column":3}},"line":20}},"branchMap":{"0":{"loc":{"start":{"line":32,"column":6},"end":{"line":34,"column":7}},"type":"if","locations":[{"start":{"line":32,"column":6},"end":{"line":34,"column":7}},{"start":{},"end":{}}],"line":32},"1":{"loc":{"start":{"line":43,"column":2},"end":{"line":49,"column":3}},"type":"if","locations":[{"start":{"line":43,"column":2},"end":{"line":49,"column":3}},{"start":{},"end":{}}],"line":43},"2":{"loc":{"start":{"line":51,"column":2},"end":{"line":58,"column":3}},"type":"if","locations":[{"start":{"line":51,"column":2},"end":{"line":58,"column":3}},{"start":{},"end":{}}],"line":51}},"s":{"0":1,"1":1,"2":12,"3":12,"4":12,"5":12,"6":12,"7":6,"8":12,"9":6,"10":6,"11":6,"12":6,"13":6,"14":6,"15":6,"16":6,"17":6,"18":0,"19":0,"20":12,"21":0,"22":12,"23":6,"24":6,"25":1},"f":{"0":12,"1":6,"2":6},"b":{"0":[6,0],"1":[0,12],"2":[6,6]},"_coverageSchema":"1a1c01bbd47fc00a2c39e90264f33305004495a9","hash":"de8c47320fe5eccc274b891eb577f9fd5d47c156"}
,"/Users/msmart/rise-mobile-example/src/screens/SettingsScreen.tsx": {"path":"/Users/msmart/rise-mobile-example/src/screens/SettingsScreen.tsx","statementMap":{"0":{"start":{"line":15,"column":20},"end":{"line":15,"column":37}},"1":{"start":{"line":16,"column":23},"end":{"line":16,"column":54}},"2":{"start":{"line":19,"column":30},"end":{"line":19,"column":106}},"3":{"start":{"line":20,"column":40},"end":{"line":20,"column":69}},"4":{"start":{"line":21,"column":46},"end":{"line":21,"column":75}},"5":{"start":{"line":22,"column":44},"end":{"line":22,"column":71}},"6":{"start":{"line":23,"column":44},"end":{"line":23,"column":64}},"7":{"start":{"line":25,"column":2},"end":{"line":29,"column":9}},"8":{"start":{"line":26,"column":4},"end":{"line":26,"column":22}},"9":{"start":{"line":27,"column":21},"end":{"line":27,"column":59}},"10":{"start":{"line":28,"column":4},"end":{"line":28,"column":41}},"11":{"start":{"line":28,"column":17},"end":{"line":28,"column":40}},"12":{"start":{"line":31,"column":26},"end":{"line":35,"column":3}},"13":{"start":{"line":32,"column":4},"end":{"line":32,"column":52}},"14":{"start":{"line":33,"column":4},"end":{"line":33,"column":58}},"15":{"start":{"line":34,"column":4},"end":{"line":34,"column":56}},"16":{"start":{"line":37,"column":30},"end":{"line":46,"column":3}},"17":{"start":{"line":38,"column":22},"end":{"line":38,"column":55}},"18":{"start":{"line":39,"column":4},"end":{"line":45,"column":5}},"19":{"start":{"line":40,"column":20},"end":{"line":40,"column":51}},"20":{"start":{"line":41,"column":22},"end":{"line":41,"column":63}},"21":{"start":{"line":42,"column":6},"end":{"line":42,"column":48}},"22":{"start":{"line":44,"column":6},"end":{"line":44,"column":34}},"23":{"start":{"line":48,"column":29},"end":{"line":51,"column":3}},"24":{"start":{"line":49,"column":4},"end":{"line":49,"column":40}},"25":{"start":{"line":50,"column":4},"end":{"line":50,"column":52}},"26":{"start":{"line":53,"column":31},"end":{"line":62,"column":3}},"27":{"start":{"line":54,"column":4},"end":{"line":61,"column":5}},"28":{"start":{"line":55,"column":6},"end":{"line":55,"column":42}},"29":{"start":{"line":56,"column":25},"end":{"line":56,"column":64}},"30":{"start":{"line":57,"column":6},"end":{"line":57,"column":24}},"31":{"start":{"line":58,"column":6},"end":{"line":58,"column":67}},"32":{"start":{"line":60,"column":6},"end":{"line":60,"column":42}},"33":{"start":{"line":64,"column":29},"end":{"line":81,"column":3}},"34":{"start":{"line":65,"column":4},"end":{"line":80,"column":6}},"35":{"start":{"line":74,"column":12},"end":{"line":74,"column":48}},"36":{"start":{"line":75,"column":12},"end":{"line":75,"column":30}},"37":{"start":{"line":76,"column":12},"end":{"line":76,"column":54}},"38":{"start":{"line":83,"column":25},"end":{"line":100,"column":3}},"39":{"start":{"line":84,"column":4},"end":{"line":99,"column":6}},"40":{"start":{"line":93,"column":12},"end":{"line":93,"column":44}},"41":{"start":{"line":94,"column":12},"end":{"line":94,"column":30}},"42":{"start":{"line":95,"column":12},"end":{"line":95,"column":78}},"43":{"start":{"line":102,"column":2},"end":{"line":202,"column":4}},"44":{"start":{"line":145,"column":14},"end":{"line":145,"column":71}},"45":{"start":{"line":155,"column":38},"end":{"line":155,"column":78}},"46":{"start":{"line":205,"column":15},"end":{"line":271,"column":2}}},"fnMap":{"0":{"name":"SettingsScreen","decl":{"start":{"line":18,"column":24},"end":{"line":18,"column":38}},"loc":{"start":{"line":18,"column":41},"end":{"line":203,"column":1}},"line":18},"1":{"name":"(anonymous_1)","decl":{"start":{"line":25,"column":12},"end":{"line":25,"column":13}},"loc":{"start":{"line":25,"column":18},"end":{"line":29,"column":3}},"line":25},"2":{"name":"(anonymous_2)","decl":{"start":{"line":28,"column":11},"end":{"line":28,"column":12}},"loc":{"start":{"line":28,"column":17},"end":{"line":28,"column":40}},"line":28},"3":{"name":"(anonymous_3)","decl":{"start":{"line":31,"column":26},"end":{"line":31,"column":27}},"loc":{"start":{"line":31,"column":32},"end":{"line":35,"column":3}},"line":31},"4":{"name":"(anonymous_4)","decl":{"start":{"line":37,"column":30},"end":{"line":37,"column":31}},"loc":{"start":{"line":37,"column":36},"end":{"line":46,"column":3}},"line":37},"5":{"name":"(anonymous_5)","decl":{"start":{"line":48,"column":29},"end":{"line":48,"column":30}},"loc":{"start":{"line":48,"column":35},"end":{"line":51,"column":3}},"line":48},"6":{"name":"(anonymous_6)","decl":{"start":{"line":53,"column":31},"end":{"line":53,"column":32}},"loc":{"start":{"line":53,"column":43},"end":{"line":62,"column":3}},"line":53},"7":{"name":"(anonymous_7)","decl":{"start":{"line":64,"column":29},"end":{"line":64,"column":30}},"loc":{"start":{"line":64,"column":41},"end":{"line":81,"column":3}},"line":64},"8":{"name":"(anonymous_8)","decl":{"start":{"line":73,"column":19},"end":{"line":73,"column":20}},"loc":{"start":{"line":73,"column":31},"end":{"line":77,"column":11}},"line":73},"9":{"name":"(anonymous_9)","decl":{"start":{"line":83,"column":25},"end":{"line":83,"column":26}},"loc":{"start":{"line":83,"column":37},"end":{"line":100,"column":3}},"line":83},"10":{"name":"(anonymous_10)","decl":{"start":{"line":92,"column":19},"end":{"line":92,"column":20}},"loc":{"start":{"line":92,"column":31},"end":{"line":96,"column":11}},"line":92},"11":{"name":"(anonymous_11)","decl":{"start":{"line":144,"column":26},"end":{"line":144,"column":27}},"loc":{"start":{"line":145,"column":14},"end":{"line":145,"column":71}},"line":145},"12":{"name":"(anonymous_12)","decl":{"start":{"line":155,"column":27},"end":{"line":155,"column":28}},"loc":{"start":{"line":155,"column":38},"end":{"line":155,"column":78}},"line":155}},"branchMap":{"0":{"loc":{"start":{"line":19,"column":39},"end":{"line":19,"column":105}},"type":"binary-expr","locations":[{"start":{"line":19,"column":39},"end":{"line":19,"column":65}},{"start":{"line":19,"column":69},"end":{"line":19,"column":105}}],"line":19},"1":{"loc":{"start":{"line":39,"column":4},"end":{"line":45,"column":5}},"type":"if","locations":[{"start":{"line":39,"column":4},"end":{"line":45,"column":5}},{"start":{"line":43,"column":11},"end":{"line":45,"column":5}}],"line":39},"2":{"loc":{"start":{"line":110,"column":13},"end":{"line":110,"column":102}},"type":"cond-expr","locations":[{"start":{"line":110,"column":27},"end":{"line":110,"column":82}},{"start":{"line":110,"column":85},"end":{"line":110,"column":102}}],"line":110},"3":{"loc":{"start":{"line":117,"column":13},"end":{"line":117,"column":107}},"type":"cond-expr","locations":[{"start":{"line":117,"column":30},"end":{"line":117,"column":91}},{"start":{"line":117,"column":94},"end":{"line":117,"column":107}}],"line":117},"4":{"loc":{"start":{"line":124,"column":13},"end":{"line":124,"column":67}},"type":"cond-expr","locations":[{"start":{"line":124,"column":29},"end":{"line":124,"column":59}},{"start":{"line":124,"column":62},"end":{"line":124,"column":67}}],"line":124},"5":{"loc":{"start":{"line":130,"column":38},"end":{"line":130,"column":87}},"type":"binary-expr","locations":[{"start":{"line":130,"column":38},"end":{"line":130,"column":65}},{"start":{"line":130,"column":69},"end":{"line":130,"column":87}}],"line":130},"6":{"loc":{"start":{"line":131,"column":13},"end":{"line":131,"column":35}},"type":"binary-expr","locations":[{"start":{"line":131,"column":13},"end":{"line":131,"column":26}},{"start":{"line":131,"column":30},"end":{"line":131,"column":35}}],"line":131},"7":{"loc":{"start":{"line":143,"column":19},"end":{"line":143,"column":58}},"type":"binary-expr","locations":[{"start":{"line":143,"column":19},"end":{"line":143,"column":50}},{"start":{"line":143,"column":54},"end":{"line":143,"column":58}}],"line":143},"8":{"loc":{"start":{"line":145,"column":49},"end":{"line":145,"column":69}},"type":"binary-expr","locations":[{"start":{"line":145,"column":49},"end":{"line":145,"column":63}},{"start":{"line":145,"column":67},"end":{"line":145,"column":69}}],"line":145},"9":{"loc":{"start":{"line":154,"column":19},"end":{"line":154,"column":44}},"type":"binary-expr","locations":[{"start":{"line":154,"column":19},"end":{"line":154,"column":36}},{"start":{"line":154,"column":40},"end":{"line":154,"column":44}}],"line":154}},"s":{"0":1,"1":1,"2":33,"3":33,"4":33,"5":33,"6":33,"7":33,"8":13,"9":13,"10":13,"11":13,"12":33,"13":17,"14":17,"15":17,"16":33,"17":2,"18":2,"19":0,"20":0,"21":0,"22":2,"23":33,"24":2,"25":2,"26":33,"27":2,"28":2,"29":2,"30":2,"31":2,"32":0,"33":33,"34":2,"35":1,"36":1,"37":1,"38":33,"39":2,"40":1,"41":1,"42":1,"43":33,"44":1,"45":0,"46":1},"f":{"0":33,"1":13,"2":13,"3":17,"4":2,"5":2,"6":2,"7":2,"8":1,"9":2,"10":1,"11":1,"12":0},"b":{"0":[33,33],"1":[0,2],"2":[0,33],"3":[0,33],"4":[0,33],"5":[33,2],"6":[33,31],"7":[33,0],"8":[1,0],"9":[33,0]},"_coverageSchema":"1a1c01bbd47fc00a2c39e90264f33305004495a9","hash":"624a41224d5738e8c6a9b618c229615c32884569"}
,"/Users/msmart/rise-mobile-example/src/screens/WalletInfoScreen.tsx": {"path":"/Users/msmart/rise-mobile-example/src/screens/WalletInfoScreen.tsx","statementMap":{"0":{"start":{"line":23,"column":40},"end":{"line":23,"column":69}},"1":{"start":{"line":24,"column":46},"end":{"line":24,"column":75}},"2":{"start":{"line":25,"column":44},"end":{"line":25,"column":71}},"3":{"start":{"line":26,"column":36},"end":{"line":26,"column":50}},"4":{"start":{"line":28,"column":2},"end":{"line":30,"column":9}},"5":{"start":{"line":29,"column":4},"end":{"line":29,"column":21}},"6":{"start":{"line":32,"column":25},"end":{"line":47,"column":3}},"7":{"start":{"line":33,"column":4},"end":{"line":33,"column":23}},"8":{"start":{"line":34,"column":4},"end":{"line":46,"column":5}},"9":{"start":{"line":35,"column":23},"end":{"line":35,"column":54}},"10":{"start":{"line":36,"column":26},"end":{"line":36,"column":60}},"11":{"start":{"line":37,"column":21},"end":{"line":37,"column":54}},"12":{"start":{"line":39,"column":6},"end":{"line":39,"column":31}},"13":{"start":{"line":40,"column":6},"end":{"line":40,"column":37}},"14":{"start":{"line":41,"column":6},"end":{"line":41,"column":31}},"15":{"start":{"line":43,"column":6},"end":{"line":43,"column":57}},"16":{"start":{"line":45,"column":6},"end":{"line":45,"column":26}},"17":{"start":{"line":49,"column":24},"end":{"line":52,"column":3}},"18":{"start":{"line":50,"column":4},"end":{"line":50,"column":43}},"19":{"start":{"line":50,"column":18},"end":{"line":50,"column":43}},"20":{"start":{"line":51,"column":4},"end":{"line":51,"column":60}},"21":{"start":{"line":54,"column":27},"end":{"line":61,"column":3}},"22":{"start":{"line":55,"column":22},"end":{"line":55,"column":55}},"23":{"start":{"line":56,"column":4},"end":{"line":56,"column":41}},"24":{"start":{"line":56,"column":24},"end":{"line":56,"column":41}},"25":{"start":{"line":58,"column":18},"end":{"line":58,"column":58}},"26":{"start":{"line":59,"column":20},"end":{"line":59,"column":76}},"27":{"start":{"line":60,"column":4},"end":{"line":60,"column":35}},"28":{"start":{"line":63,"column":33},"end":{"line":75,"column":3}},"29":{"start":{"line":64,"column":4},"end":{"line":64,"column":23}},"30":{"start":{"line":65,"column":4},"end":{"line":74,"column":5}},"31":{"start":{"line":66,"column":6},"end":{"line":66,"column":42}},"32":{"start":{"line":67,"column":29},"end":{"line":67,"column":68}},"33":{"start":{"line":68,"column":6},"end":{"line":68,"column":56}},"34":{"start":{"line":69,"column":6},"end":{"line":69,"column":29}},"35":{"start":{"line":71,"column":6},"end":{"line":71,"column":42}},"36":{"start":{"line":73,"column":6},"end":{"line":73,"column":26}},"37":{"start":{"line":77,"column":2},"end":{"line":84,"column":3}},"38":{"start":{"line":78,"column":4},"end":{"line":83,"column":6}},"39":{"start":{"line":86,"column":2},"end":{"line":168,"column":4}},"40":{"start":{"line":171,"column":15},"end":{"line":235,"column":2}}},"fnMap":{"0":{"name":"WalletInfoScreen","decl":{"start":{"line":19,"column":24},"end":{"line":19,"column":40}},"loc":{"start":{"line":22,"column":26},"end":{"line":169,"column":1}},"line":22},"1":{"name":"(anonymous_1)","decl":{"start":{"line":28,"column":12},"end":{"line":28,"column":13}},"loc":{"start":{"line":28,"column":18},"end":{"line":30,"column":3}},"line":28},"2":{"name":"(anonymous_2)","decl":{"start":{"line":32,"column":25},"end":{"line":32,"column":26}},"loc":{"start":{"line":32,"column":37},"end":{"line":47,"column":3}},"line":32},"3":{"name":"(anonymous_3)","decl":{"start":{"line":49,"column":24},"end":{"line":49,"column":25}},"loc":{"start":{"line":49,"column":52},"end":{"line":52,"column":3}},"line":49},"4":{"name":"(anonymous_4)","decl":{"start":{"line":54,"column":27},"end":{"line":54,"column":28}},"loc":{"start":{"line":54,"column":33},"end":{"line":61,"column":3}},"line":54},"5":{"name":"(anonymous_5)","decl":{"start":{"line":63,"column":33},"end":{"line":63,"column":34}},"loc":{"start":{"line":63,"column":45},"end":{"line":75,"column":3}},"line":63}},"branchMap":{"0":{"loc":{"start":{"line":20,"column":2},"end":{"line":20,"column":33}},"type":"default-arg","locations":[{"start":{"line":20,"column":16},"end":{"line":20,"column":33}}],"line":20},"1":{"loc":{"start":{"line":21,"column":2},"end":{"line":21,"column":50}},"type":"default-arg","locations":[{"start":{"line":21,"column":19},"end":{"line":21,"column":50}}],"line":21},"2":{"loc":{"start":{"line":50,"column":4},"end":{"line":50,"column":43}},"type":"if","locations":[{"start":{"line":50,"column":4},"end":{"line":50,"column":43}},{"start":{},"end":{}}],"line":50},"3":{"loc":{"start":{"line":56,"column":4},"end":{"line":56,"column":41}},"type":"if","locations":[{"start":{"line":56,"column":4},"end":{"line":56,"column":41}},{"start":{},"end":{}}],"line":56},"4":{"loc":{"start":{"line":77,"column":2},"end":{"line":84,"column":3}},"type":"if","locations":[{"start":{"line":77,"column":2},"end":{"line":84,"column":3}},{"start":{},"end":{}}],"line":77},"5":{"loc":{"start":{"line":123,"column":15},"end":{"line":123,"column":73}},"type":"cond-expr","locations":[{"start":{"line":123,"column":31},"end":{"line":123,"column":61}},{"start":{"line":123,"column":64},"end":{"line":123,"column":73}}],"line":123},"6":{"loc":{"start":{"line":131,"column":14},"end":{"line":131,"column":68}},"type":"binary-expr","locations":[{"start":{"line":131,"column":14},"end":{"line":131,"column":46}},{"start":{"line":131,"column":50},"end":{"line":131,"column":68}}],"line":131}},"s":{"0":0,"1":0,"2":0,"3":0,"4":0,"5":0,"6":0,"7":0,"8":0,"9":0,"10":0,"11":0,"12":0,"13":0,"14":0,"15":0,"16":0,"17":0,"18":0,"19":0,"20":0,"21":0,"22":0,"23":0,"24":0,"25":0,"26":0,"27":0,"28":0,"29":0,"30":0,"31":0,"32":0,"33":0,"34":0,"35":0,"36":0,"37":0,"38":0,"39":0,"40":0},"f":{"0":0,"1":0,"2":0,"3":0,"4":0,"5":0},"b":{"0":[0],"1":[0],"2":[0,0],"3":[0,0],"4":[0,0],"5":[0,0],"6":[0,0]}}
}
