TN:
SF:src/components/ContractInteraction.tsx
FN:27,ContractDebugger
FN:30,(anonymous_1)
FN:39,(anonymous_2)
FN:42,(anonymous_3)
FN:53,(anonymous_4)
FN:56,(anonymous_5)
FN:62,(anonymous_6)
FN:72,(anonymous_7)
FN:150,(anonymous_8)
FN:157,(anonymous_9)
FN:170,(anonymous_10)
FN:178,(anonymous_11)
FNF:12
FNH:12
FNDA:23,ContractDebugger
FNDA:276,(anonymous_1)
FNDA:2,(anonymous_2)
FNDA:1,(anonymous_3)
FNDA:5,(anonymous_4)
FNDA:5,(anonymous_5)
FNDA:2,(anonymous_6)
FNDA:1,(anonymous_7)
FNDA:65,(anonymous_8)
FNDA:5,(anonymous_9)
FNDA:8,(anonymous_10)
FNDA:1,(anonymous_11)
DA:28,23
DA:29,23
DA:30,23
DA:31,276
DA:34,23
DA:35,23
DA:36,23
DA:37,23
DA:39,23
DA:40,2
DA:41,2
DA:42,1
DA:43,1
DA:46,1
DA:47,1
DA:49,1
DA:53,23
DA:54,5
DA:55,5
DA:56,5
DA:57,5
DA:59,5
DA:62,23
DA:63,2
DA:64,0
DA:65,0
DA:68,2
DA:69,2
DA:71,2
DA:72,2
DA:73,1
DA:74,1
DA:75,0
DA:77,1
DA:78,0
DA:80,1
DA:83,2
DA:89,2
DA:90,2
DA:96,1
DA:98,1
DA:99,1
DA:103,1
DA:104,1
DA:106,1
DA:107,1
DA:108,1
DA:112,0
DA:115,1
DA:116,1
DA:118,2
DA:122,23
DA:151,65
DA:157,5
DA:171,8
DA:179,1
DA:216,1
LF:57
LH:52
BRDA:31,0,0,276
BRDA:31,0,1,184
BRDA:31,0,2,115
BRDA:43,1,0,1
BRDA:43,1,1,1
BRDA:43,1,2,0
BRDA:63,2,0,0
BRDA:63,2,1,2
BRDA:63,3,0,2
BRDA:63,3,1,2
BRDA:72,4,0,2
BRDA:72,4,1,0
BRDA:74,5,0,0
BRDA:74,5,1,1
BRDA:74,6,0,1
BRDA:74,6,1,1
BRDA:75,7,0,0
BRDA:75,7,1,0
BRDA:77,8,0,0
BRDA:77,8,1,1
BRDA:98,9,0,1
BRDA:98,9,1,0
BRDA:106,10,0,1
BRDA:106,10,1,0
BRDA:106,11,0,1
BRDA:106,11,1,1
BRDA:155,12,0,65
BRDA:155,12,1,10
BRDA:164,13,0,23
BRDA:164,13,1,10
BRDA:177,14,0,8
BRDA:177,14,1,5
BRDA:189,15,0,10
BRDA:189,15,1,8
BRDA:191,16,0,2
BRDA:191,16,1,8
BRDA:198,17,0,10
BRDA:198,17,1,1
BRDA:206,18,0,23
BRDA:206,18,1,4
BRF:40
BRH:31
end_of_record
TN:
SF:src/components/WalletSetupFlow.tsx
FN:22,WalletSetupFlow
FN:33,(anonymous_1)
FN:70,(anonymous_2)
FN:76,(anonymous_3)
FN:121,(anonymous_4)
FN:139,(anonymous_5)
FN:157,(anonymous_6)
FN:167,(anonymous_7)
FN:209,(anonymous_8)
FNF:9
FNH:0
FNDA:0,WalletSetupFlow
FNDA:0,(anonymous_1)
FNDA:0,(anonymous_2)
FNDA:0,(anonymous_3)
FNDA:0,(anonymous_4)
FNDA:0,(anonymous_5)
FNDA:0,(anonymous_6)
FNDA:0,(anonymous_7)
FNDA:0,(anonymous_8)
DA:27,0
DA:28,0
DA:29,0
DA:30,0
DA:31,0
DA:33,0
DA:34,0
DA:35,0
DA:36,0
DA:38,0
DA:40,0
DA:41,0
DA:42,0
DA:45,0
DA:46,0
DA:47,0
DA:50,0
DA:51,0
DA:52,0
DA:56,0
DA:57,0
DA:58,0
DA:61,0
DA:62,0
DA:64,0
DA:65,0
DA:66,0
DA:70,0
DA:71,0
DA:72,0
DA:76,0
DA:77,0
DA:121,0
DA:122,0
DA:139,0
DA:140,0
DA:157,0
DA:158,0
DA:167,0
DA:168,0
DA:209,0
DA:210,0
DA:221,0
DA:222,0
DA:225,0
DA:236,0
LF:46
LH:0
BRDA:51,0,0,0
BRDA:51,0,1,0
BRDA:57,1,0,0
BRDA:57,1,1,0
BRDA:71,2,0,0
BRDA:71,2,1,0
BRDA:71,3,0,0
BRDA:71,3,1,0
BRDA:128,4,0,0
BRDA:128,4,1,0
BRDA:146,5,0,0
BRDA:146,5,1,0
BRDA:221,6,0,0
BRDA:221,6,1,0
BRDA:227,7,0,0
BRDA:227,7,1,0
BRDA:228,8,0,0
BRDA:228,8,1,0
BRDA:229,9,0,0
BRDA:229,9,1,0
BRDA:230,10,0,0
BRDA:230,10,1,0
BRDA:231,11,0,0
BRDA:231,11,1,0
BRF:24
BRH:0
end_of_record
TN:
SF:src/config/constants.ts
FNF:0
FNH:0
DA:1,6
DA:11,6
DA:19,6
DA:27,6
LF:4
LH:4
BRF:0
BRH:0
end_of_record
TN:
SF:src/lib/porto/client.ts
FN:21,(anonymous_0)
FN:26,(anonymous_1)
FN:31,(anonymous_2)
FN:44,(anonymous_3)
FN:67,(anonymous_4)
FN:76,(anonymous_5)
FN:81,(anonymous_6)
FN:129,(anonymous_7)
FN:151,(anonymous_8)
FN:173,(anonymous_9)
FN:177,(anonymous_10)
FN:187,(anonymous_11)
FN:196,(anonymous_12)
FN:213,(anonymous_13)
FN:218,(anonymous_14)
FN:222,(anonymous_15)
FNF:16
FNH:15
FNDA:20,(anonymous_0)
FNDA:7,(anonymous_1)
FNDA:8,(anonymous_2)
FNDA:21,(anonymous_3)
FNDA:2,(anonymous_4)
FNDA:1,(anonymous_5)
FNDA:7,(anonymous_6)
FNDA:3,(anonymous_7)
FNDA:2,(anonymous_8)
FNDA:6,(anonymous_9)
FNDA:3,(anonymous_10)
FNDA:2,(anonymous_11)
FNDA:3,(anonymous_12)
FNDA:2,(anonymous_13)
FNDA:1,(anonymous_14)
FNDA:0,(anonymous_15)
DA:17,20
DA:22,20
DA:23,20
DA:27,7
DA:28,7
DA:34,8
DA:35,8
DA:37,7
DA:38,7
DA:39,7
DA:41,1
DA:45,21
DA:56,18
DA:57,0
DA:60,18
DA:61,18
DA:62,0
DA:64,18
DA:68,2
DA:69,2
DA:70,1
DA:72,1
DA:77,1
DA:78,1
DA:82,7
DA:84,4
DA:85,4
DA:86,4
DA:87,1
DA:97,4
DA:104,4
DA:109,3
DA:110,3
DA:112,3
DA:120,3
DA:121,3
DA:122,3
DA:124,1
DA:125,1
DA:130,3
DA:132,3
DA:148,3
DA:155,2
DA:157,2
DA:159,2
DA:169,2
DA:170,2
DA:174,6
DA:182,3
DA:183,2
DA:186,2
DA:187,2
DA:188,2
DA:190,0
DA:193,2
DA:201,3
DA:202,4
DA:203,4
DA:204,4
DA:205,1
DA:207,3
DA:208,1
DA:211,1
DA:213,2
DA:215,1
DA:219,1
DA:223,0
LF:67
LH:63
BRDA:21,0,0,2
BRDA:21,1,0,2
BRDA:35,2,0,7
BRDA:35,2,1,1
BRDA:56,3,0,0
BRDA:56,3,1,18
BRDA:61,4,0,0
BRDA:61,4,1,18
BRDA:62,5,0,0
BRDA:62,5,1,0
BRDA:77,6,0,1
BRDA:77,6,1,0
BRDA:82,7,0,3
BRDA:82,7,1,4
BRDA:86,8,0,1
BRDA:86,8,1,3
BRDA:130,9,0,0
BRDA:130,9,1,3
BRDA:155,10,0,0
BRDA:155,10,1,2
BRDA:170,11,0,2
BRDA:170,11,1,0
BRDA:180,12,0,0
BRDA:198,13,0,0
BRDA:199,14,0,0
BRDA:204,15,0,1
BRDA:204,15,1,3
BRDA:204,16,0,4
BRDA:204,16,1,3
BRDA:207,17,0,1
BRDA:207,17,1,2
BRDA:211,18,0,1
BRDA:211,18,1,0
BRDA:219,19,0,1
BRDA:219,19,1,0
BRF:35
BRH:22
end_of_record
TN:
SF:src/lib/porto/session.ts
FN:24,(anonymous_0)
FN:28,(anonymous_1)
FN:44,(anonymous_2)
FN:73,(anonymous_3)
FN:81,(anonymous_4)
FN:88,(anonymous_5)
FN:92,(anonymous_6)
FN:96,(anonymous_7)
FN:100,(anonymous_8)
FN:104,(anonymous_9)
FN:108,(anonymous_10)
FN:112,(anonymous_11)
FNF:12
FNH:12
FNDA:18,(anonymous_0)
FNDA:5,(anonymous_1)
FNDA:9,(anonymous_2)
FNDA:2,(anonymous_3)
FNDA:1,(anonymous_4)
FNDA:3,(anonymous_5)
FNDA:3,(anonymous_6)
FNDA:3,(anonymous_7)
FNDA:4,(anonymous_8)
FNDA:2,(anonymous_9)
FNDA:2,(anonymous_10)
FNDA:1,(anonymous_11)
DA:5,4
DA:6,4
DA:7,4
DA:15,18
DA:16,18
DA:18,18
DA:19,18
DA:25,18
DA:29,5
DA:31,5
DA:32,4
DA:33,4
DA:34,4
DA:37,5
DA:38,5
DA:39,5
DA:41,5
DA:45,9
DA:46,9
DA:48,9
DA:49,3
DA:50,3
DA:51,1
DA:52,1
DA:53,1
DA:54,1
DA:58,8
DA:59,8
DA:60,8
DA:62,8
DA:63,8
DA:65,8
DA:68,8
DA:70,6
DA:74,2
DA:75,2
DA:76,2
DA:77,2
DA:78,2
DA:82,1
DA:83,1
DA:84,1
DA:85,1
DA:89,3
DA:93,3
DA:97,3
DA:101,4
DA:105,2
DA:109,2
DA:113,1
LF:50
LH:50
BRDA:31,0,0,4
BRDA:31,0,1,1
BRDA:48,1,0,3
BRDA:48,1,1,6
BRDA:48,2,0,9
BRDA:48,2,1,3
BRDA:50,3,0,1
BRDA:50,3,1,2
BRDA:97,4,0,3
BRDA:97,4,1,2
BRDA:101,5,0,4
BRDA:101,5,1,3
BRDA:105,6,0,1
BRDA:105,6,1,1
BRF:14
BRH:14
end_of_record
TN:
SF:src/lib/porto/types.ts
FNF:0
FNH:0
LF:0
LH:0
BRF:0
BRH:0
end_of_record
TN:
SF:src/screens/HomeScreen.tsx
FN:10,HomeScreen
FN:16,(anonymous_1)
FN:20,(anonymous_2)
FNF:3
FNH:3
FNDA:12,HomeScreen
FNDA:6,(anonymous_1)
FNDA:6,(anonymous_2)
DA:7,1
DA:8,1
DA:11,12
DA:12,12
DA:13,12
DA:14,12
DA:16,12
DA:17,6
DA:20,12
DA:21,6
DA:23,6
DA:24,6
DA:27,6
DA:28,6
DA:31,6
DA:32,6
DA:33,6
DA:36,6
DA:38,0
DA:39,0
DA:43,12
DA:44,0
DA:51,12
DA:52,6
DA:60,6
DA:82,1
LF:26
LH:23
BRDA:32,0,0,6
BRDA:32,0,1,0
BRDA:43,1,0,0
BRDA:43,1,1,12
BRDA:51,2,0,6
BRDA:51,2,1,6
BRF:6
BRH:4
end_of_record
TN:
SF:src/screens/SettingsScreen.tsx
FN:18,SettingsScreen
FN:25,(anonymous_1)
FN:28,(anonymous_2)
FN:31,(anonymous_3)
FN:37,(anonymous_4)
FN:48,(anonymous_5)
FN:53,(anonymous_6)
FN:64,(anonymous_7)
FN:73,(anonymous_8)
FN:83,(anonymous_9)
FN:92,(anonymous_10)
FN:144,(anonymous_11)
FN:155,(anonymous_12)
FNF:13
FNH:12
FNDA:33,SettingsScreen
FNDA:13,(anonymous_1)
FNDA:13,(anonymous_2)
FNDA:17,(anonymous_3)
FNDA:2,(anonymous_4)
FNDA:2,(anonymous_5)
FNDA:2,(anonymous_6)
FNDA:2,(anonymous_7)
FNDA:1,(anonymous_8)
FNDA:2,(anonymous_9)
FNDA:1,(anonymous_10)
FNDA:1,(anonymous_11)
FNDA:0,(anonymous_12)
DA:15,1
DA:16,1
DA:19,33
DA:20,33
DA:21,33
DA:22,33
DA:23,33
DA:25,33
DA:26,13
DA:27,13
DA:28,13
DA:31,33
DA:32,17
DA:33,17
DA:34,17
DA:37,33
DA:38,2
DA:39,2
DA:40,0
DA:41,0
DA:42,0
DA:44,2
DA:48,33
DA:49,2
DA:50,2
DA:53,33
DA:54,2
DA:55,2
DA:56,2
DA:57,2
DA:58,2
DA:60,0
DA:64,33
DA:65,2
DA:74,1
DA:75,1
DA:76,1
DA:83,33
DA:84,2
DA:93,1
DA:94,1
DA:95,1
DA:102,33
DA:145,1
DA:155,0
DA:205,1
LF:46
LH:41
BRDA:19,0,0,33
BRDA:19,0,1,33
BRDA:39,1,0,0
BRDA:39,1,1,2
BRDA:110,2,0,0
BRDA:110,2,1,33
BRDA:117,3,0,0
BRDA:117,3,1,33
BRDA:124,4,0,0
BRDA:124,4,1,33
BRDA:130,5,0,33
BRDA:130,5,1,2
BRDA:131,6,0,33
BRDA:131,6,1,31
BRDA:143,7,0,33
BRDA:143,7,1,0
BRDA:145,8,0,1
BRDA:145,8,1,0
BRDA:154,9,0,33
BRDA:154,9,1,0
BRF:20
BRH:13
end_of_record
TN:
SF:src/screens/WalletInfoScreen.tsx
FN:19,WalletInfoScreen
FN:28,(anonymous_1)
FN:32,(anonymous_2)
FN:49,(anonymous_3)
FN:54,(anonymous_4)
FN:63,(anonymous_5)
FNF:6
FNH:0
FNDA:0,WalletInfoScreen
FNDA:0,(anonymous_1)
FNDA:0,(anonymous_2)
FNDA:0,(anonymous_3)
FNDA:0,(anonymous_4)
FNDA:0,(anonymous_5)
DA:23,0
DA:24,0
DA:25,0
DA:26,0
DA:28,0
DA:29,0
DA:32,0
DA:33,0
DA:34,0
DA:35,0
DA:36,0
DA:37,0
DA:39,0
DA:40,0
DA:41,0
DA:43,0
DA:45,0
DA:49,0
DA:50,0
DA:51,0
DA:54,0
DA:55,0
DA:56,0
DA:58,0
DA:59,0
DA:60,0
DA:63,0
DA:64,0
DA:65,0
DA:66,0
DA:67,0
DA:68,0
DA:69,0
DA:71,0
DA:73,0
DA:77,0
DA:78,0
DA:86,0
DA:171,0
LF:39
LH:0
BRDA:20,0,0,0
BRDA:21,1,0,0
BRDA:50,2,0,0
BRDA:50,2,1,0
BRDA:56,3,0,0
BRDA:56,3,1,0
BRDA:77,4,0,0
BRDA:77,4,1,0
BRDA:123,5,0,0
BRDA:123,5,1,0
BRDA:131,6,0,0
BRDA:131,6,1,0
BRF:12
BRH:0
end_of_record
